# JRE version: OpenJDK Runtime Environment (25.0.3+9) (build 25.0.3+9-2-deb13u1-Debian)
# Java VM: OpenJDK 64-Bit Server VM (25.0.3+9-2-deb13u1-Debian, mixed mode, sharing, tiered, compressed oops, compressed class ptrs, g1 gc, linux-amd64)
GC Precious Log:
 CardTable entry size: 512
 Card Set container configuration: InlinePtr #cards 4 size 8 Array Of Cards #cards 16 size 48 Howl #buckets 8 coarsen threshold 3686 Howl Bitmap #cards 512 size 80 coarsen threshold 460 Card regions per heap region 1 cards per card region 4096
 CPUs: 12 total, 12 available
 Memory: 14747M
 Large Page Support: Disabled
 NUMA Support: Disabled
 Compressed Oops: Enabled (Zero based)
 Heap Region Size: 2M
 Heap Min Capacity: 8M
 Heap Initial Capacity: 232M
 Heap Max Capacity: 3688M
 Pre-touch: Disabled
 Parallel Workers: 10
 Concurrent Workers: 3
 Concurrent Refinement Workers: 10
 Periodic GC: Disabled
Heap:
 garbage-first heap   total reserved 3776512K, committed 346112K, used 246413K [0x0000000719800000, 0x0000000800000000)
  region size 2048K, 15 young (30720K), 1 survivors (2048K)
GC Heap Usage History (20 events):
Event: 4597,464 {heap Before GC invocations=2752 (full 0):
 garbage-first heap   total reserved 3776512K, committed 282624K, used 277064K [0x0000000719800000, 0x0000000800000000)
  region size 2048K, 72 young (147456K), 1 survivors (2048K)
}
Event: 4597,469 {heap After GC invocations=2753 (full 0):
 garbage-first heap   total reserved 3776512K, committed 286720K, used 110747K [0x0000000719800000, 0x0000000800000000)
  region size 2048K, 2 young (4096K), 2 survivors (4096K)
}
Event: 4609,579 {heap Before GC invocations=2753 (full 0):
 garbage-first heap   total reserved 3776512K, committed 288768K, used 282779K [0x0000000719800000, 0x0000000800000000)
  region size 2048K, 63 young (129024K), 2 survivors (4096K)
}
Event: 4609,582 {heap After GC invocations=2754 (full 0):
 garbage-first heap   total reserved 3776512K, committed 290816K, used 132589K [0x0000000719800000, 0x0000000800000000)
  region size 2048K, 1 young (2048K), 1 survivors (2048K)
}
Event: 4610,117 {heap Before GC invocations=2754 (full 0):
 garbage-first heap   total reserved 3776512K, committed 290816K, used 140781K [0x0000000719800000, 0x0000000800000000)
  region size 2048K, 6 young (12288K), 1 survivors (2048K)
}
Event: 4610,119 {heap After GC invocations=2755 (full 0):
 garbage-first heap   total reserved 3776512K, committed 290816K, used 131585K [0x0000000719800000, 0x0000000800000000)
  region size 2048K, 1 young (2048K), 1 survivors (2048K)
}
Event: 4640,370 {heap Before GC invocations=2756 (full 0):
 garbage-first heap   total reserved 3776512K, committed 290816K, used 285185K [0x0000000719800000, 0x0000000800000000)
  region size 2048K, 55 young (112640K), 1 survivors (2048K)
}
Event: 4640,374 {heap After GC invocations=2757 (full 0):
 garbage-first heap   total reserved 3776512K, committed 292864K, used 154854K [0x0000000719800000, 0x0000000800000000)
  region size 2048K, 1 young (2048K), 1 survivors (2048K)
}
Event: 4658,853 {heap Before GC invocations=2757 (full 0):
 garbage-first heap   total reserved 3776512K, committed 292864K, used 287974K [0x0000000719800000, 0x0000000800000000)
  region size 2048K, 50 young (102400K), 1 survivors (2048K)
}
Event: 4658,857 {heap After GC invocations=2758 (full 0):
 garbage-first heap   total reserved 3776512K, committed 294912K, used 172096K [0x0000000719800000, 0x0000000800000000)
  region size 2048K, 1 young (2048K), 1 survivors (2048K)
}
Event: 4658,862 {heap Before GC invocations=2758 (full 0):
 garbage-first heap   total reserved 3776512K, committed 294912K, used 172096K [0x0000000719800000, 0x0000000800000000)
  region size 2048K, 3 young (6144K), 1 survivors (2048K)
}
Event: 4658,864 {heap After GC invocations=2759 (full 0):
 garbage-first heap   total reserved 3776512K, committed 294912K, used 171200K [0x0000000719800000, 0x0000000800000000)
  region size 2048K, 1 young (2048K), 1 survivors (2048K)
}
Event: 4697,084 {heap Before GC invocations=2760 (full 0):
 garbage-first heap   total reserved 3776512K, committed 294912K, used 289984K [0x0000000719800000, 0x0000000800000000)
  region size 2048K, 45 young (92160K), 1 survivors (2048K)
}
Event: 4697,089 {heap After GC invocations=2761 (full 0):
 garbage-first heap   total reserved 3776512K, committed 296960K, used 186641K [0x0000000719800000, 0x0000000800000000)
  region size 2048K, 1 young (2048K), 1 survivors (2048K)
}
Event: 4702,674 {heap Before GC invocations=2761 (full 0):
 garbage-first heap   total reserved 3776512K, committed 296960K, used 295185K [0x0000000719800000, 0x0000000800000000)
  region size 2048K, 40 young (81920K), 1 survivors (2048K)
}
Event: 4702,680 {heap After GC invocations=2762 (full 0):
 garbage-first heap   total reserved 3776512K, committed 301056K, used 199791K [0x0000000719800000, 0x0000000800000000)
  region size 2048K, 1 young (2048K), 1 survivors (2048K)
}
Event: 4703,117 {heap Before GC invocations=2762 (full 0):
 garbage-first heap   total reserved 3776512K, committed 301056K, used 199791K [0x0000000719800000, 0x0000000800000000)
  region size 2048K, 2 young (4096K), 1 survivors (2048K)
}
Event: 4703,119 {heap After GC invocations=2763 (full 0):
 garbage-first heap   total reserved 3776512K, committed 301056K, used 198485K [0x0000000719800000, 0x0000000800000000)
  region size 2048K, 1 young (2048K), 1 survivors (2048K)
}
Event: 4710,741 {heap Before GC invocations=2764 (full 0):
 garbage-first heap   total reserved 3776512K, committed 346112K, used 311125K [0x0000000719800000, 0x0000000800000000)
  region size 2048K, 40 young (81920K), 1 survivors (2048K)
}
Event: 4710,743 {heap After GC invocations=2765 (full 0):
 garbage-first heap   total reserved 3776512K, committed 346112K, used 215693K [0x0000000719800000, 0x0000000800000000)
  region size 2048K, 1 young (2048K), 1 survivors (2048K)
}

